[debug] ----------------------------------------------------------------------
[debug] Command:      /usr/local/bin/node /usr/local/bin/firebase serve
[debug] CLI Version:  3.0.8
[debug] Platform:     darwin
[debug] Node Version: v6.9.1
[debug] Time:         Thu Oct 27 2016 17:04:54 GMT+0900 (JST)
[debug] ----------------------------------------------------------------------
[debug] 
[info] Starting Firebase development server...
[info] 
[info] Project Directory: /Users/onosei/Desktop/naomi/htdocs/aeon-promotion
[info] Public Directory: build
[info] 
[info] Server listening at: http://localhost:5000
[debug] ----------------------------------------------------------------------
[debug] Command:      /usr/local/bin/node /usr/local/bin/firebase serve
[debug] CLI Version:  3.0.8
[debug] Platform:     darwin
[debug] Node Version: v6.9.1
[debug] Time:         Thu Oct 27 2016 22:03:38 GMT+0900 (JST)
[debug] ----------------------------------------------------------------------
[debug] 
[info] Starting Firebase development server...
[info] 
[info] Project Directory: /Users/onosei/Desktop/naomi/htdocs/aeon-promotion
[info] Public Directory: build
[info] 
[info] Server listening at: http://localhost:5000
[debug] ----------------------------------------------------------------------
[debug] Command:      /usr/local/bin/node /usr/local/bin/firebase serve
[debug] CLI Version:  3.0.8
[debug] Platform:     darwin
[debug] Node Version: v6.9.1
[debug] Time:         Thu Nov 10 2016 05:42:56 GMT+0900 (JST)
[debug] ----------------------------------------------------------------------
[debug] 
[info] Starting Firebase development server...
[info] 
[info] Project Directory: /Users/onosei/Desktop/naomi/htdocs/aeon-promotion
[info] Public Directory: build
[info] 
[info] Server listening at: http://localhost:5000
[debug] ----------------------------------------------------------------------
[debug] Command:      /usr/local/bin/node /usr/local/bin/firebase serve
[debug] CLI Version:  3.0.8
[debug] Platform:     darwin
[debug] Node Version: v6.9.1
[debug] Time:         Fri Nov 11 2016 09:21:51 GMT+0900 (JST)
[debug] ----------------------------------------------------------------------
[debug] 
[info] Starting Firebase development server...
[info] 
[info] Project Directory: /Users/onosei/Desktop/naomi/htdocs/aeon-promotion
[info] Public Directory: build
[info] 
[info] Server listening at: http://localhost:5000
[debug] ----------------------------------------------------------------------
[debug] Command:      /usr/local/bin/node /usr/local/bin/firebase serve
[debug] CLI Version:  3.0.8
[debug] Platform:     darwin
[debug] Node Version: v6.9.1
[debug] Time:         Fri Nov 11 2016 16:33:28 GMT+0900 (JST)
[debug] ----------------------------------------------------------------------
[debug] 
[info] Starting Firebase development server...
[info] 
[info] Project Directory: /Users/onosei/Desktop/naomi/aeon
[info] Public Directory: build
[info] 
[info] Server listening at: http://localhost:5000
